<?xml version="1.0" encoding="UTF-8"?>
<testsuite name="dataset.GenerateDataset" tests="4" skipped="0" failures="0" errors="0" timestamp="2020-07-29T11:34:55" hostname="MacBook-Pro-de-Carlos" time="0.014">
  <properties/>
  <testcase name="testQuery" classname="dataset.GenerateDataset" time="0.0"/>
  <testcase name="generateDatasetFromRawData" classname="dataset.GenerateDataset" time="0.013"/>
  <testcase name="testTimeVariable" classname="dataset.GenerateDataset" time="0.0"/>
  <testcase name="testStatesVariables" classname="dataset.GenerateDataset" time="0.0"/>
  <system-out><![CDATA[[29-07-2020 13:34:55] [ WARN ] [Dataset:77] Sequence not added - Time variable 'Time' not specified
[29-07-2020 13:34:55] [ WARN ] [Dataset:77] Sequence not added - One or more class variables were not specified
[29-07-2020 13:34:55] [ WARN ] [Dataset:77] Sequence not added - Sequences cannot have different variables
[29-07-2020 13:34:55] [ WARN ] [Dataset:77] Sequence not added - Time variable 'Time' not specified
[29-07-2020 13:34:55] [ WARN ] [Dataset:75] Sequence not added - The sequence is empty
]]></system-out>
  <system-err><![CDATA[]]></system-err>
</testsuite>
